<?xml version="1.0" encoding="UTF-8"?>
<!-- Generated by org.testng.reporters.JUnitReportReporter -->
<testsuite hostname="LAPTOP-3VRRLTE0" failures="0" tests="1" name="DatadrivenProject.DDP.Readclass" time="6.661" errors="0" timestamp="2024-02-27T14:23:40 IST" skipped="0">
  <testcase classname="DatadrivenProject.DDP.Readclass" name="fblogin" time="6.661"/>
  <system-out/>
</testsuite> <!-- DatadrivenProject.DDP.Readclass -->
